2019-01-19T04:23:16.125Z info: Discord client ready
2019-01-19T04:43:43.166Z info: new user 'webs' added, id: 86272465868701696
2019-01-19T04:43:43.168Z info: new attempt logged by webs, id: 86272465868701696
2019-01-19T23:38:06.230Z warn: Discord client reconnecting...
2019-01-19T23:43:02.185Z info: new user 'Puff' added, id: 103258744271425536
2019-01-19T23:43:02.185Z info: new attempt logged by Puff, id: 103258744271425536
2019-01-19T23:43:47.433Z info: new user 'Ding' added, id: 99012676071489536
2019-01-19T23:43:47.433Z info: new attempt logged by Ding, id: 99012676071489536
2019-01-19T23:44:01.152Z info: new user 'sincerazero' added, id: 100436810752065536
2019-01-19T23:44:01.152Z info: new attempt logged by sincerazero, id: 100436810752065536
2019-01-20T03:44:00.249Z info: new user 'webs' added, id: 86272465868701696
2019-01-20T03:44:00.249Z info: new attempt logged by webs, id: 86272465868701696
2019-01-20T20:43:41.866Z info: new user 'Upke' added, id: 103247421944918016
2019-01-20T20:43:41.867Z info: new attempt logged by Upke, id: 103247421944918016
2019-01-20T20:43:48.190Z info: new user 'Ding' added, id: 99012676071489536
2019-01-20T20:43:48.190Z info: new attempt logged by Ding, id: 99012676071489536
2019-01-20T22:43:10.593Z info: new attempt logged by jackkenney, id: 121336660377075714
2019-01-20T22:43:10.594Z info: new user 'jackkenney' added, id: 121336660377075714
2019-01-20T23:43:04.838Z info: new user 'jackkenney' added, id: 121336660377075714
2019-01-20T23:43:04.839Z info: new attempt logged by jackkenney, id: 121336660377075714
2019-01-20T23:43:12.683Z info: new user 'Upke' added, id: 103247421944918016
2019-01-20T23:43:12.683Z info: new attempt logged by Upke, id: 103247421944918016
2019-01-20T23:43:16.372Z info: new user 'ycz' added, id: 107743971467354112
2019-01-20T23:43:16.372Z info: new attempt logged by ycz, id: 107743971467354112
2019-01-21T15:04:24.226Z info: Discord client ready
2019-01-21T15:05:03.109Z info: Discord client ready
2019-01-21T15:07:09.331Z info: Discord client ready
2019-01-21T15:12:30.632Z error: TypeError: Cannot read property 'emoji' of undefined , id:dea782b0-62e9-4812-8ad6-169d9e2515d4
2019-01-21T15:14:51.686Z info: Discord client ready
2019-01-21T15:15:55.629Z error: TypeError: Reduce of empty array with no initial value , id:66141697-0241-4b46-a904-cd031521cf5a
2019-01-21T15:23:08.981Z info: Discord client ready
2019-01-21T15:23:16.098Z error: TypeError: Reduce of empty array with no initial value , id:b8e7e4a6-175f-413b-b2ce-23dd40f82592
2019-01-21T15:28:37.655Z info: Discord client ready
2019-01-21T15:28:41.231Z error: TypeError: Cannot read property 'reduce' of undefined , id:e69f38e0-444b-4870-9529-a59a3697c7f7
2019-01-21T15:30:11.435Z info: Discord client ready
2019-01-21T15:30:40.107Z error: TypeError: Reduce of empty array with no initial value , id:3fd52096-6075-4a63-b7f0-b3c07e0354f3
2019-01-21T15:33:30.570Z info: Discord client ready
2019-01-21T15:34:20.600Z info: Discord client ready
2019-01-21T15:36:53.011Z info: Discord client ready
2019-01-21T16:37:51.162Z error: TypeError: Cannot read property 'emoji' of undefined , id:2f9eecf0-e886-4819-8524-fcf092cf430f
2019-01-21T16:42:06.588Z error: TypeError: Cannot read property 'emoji' of undefined , id:057d6609-0a73-4c14-a7bc-b07e7f8537fd
2019-01-21T17:43:47.445Z info: new user 'jackkenney' added, id: 121336660377075714
2019-01-21T17:43:47.446Z info: new attempt logged by jackkenney, id: 121336660377075714
2019-01-21T17:52:41.566Z info: Discord client ready
2019-01-21T17:53:46.289Z info: Discord client ready
2019-01-21T17:54:17.090Z info: Discord client ready
2019-01-21T18:00:02.640Z info: Discord client ready
2019-01-21T18:21:28.707Z error: TypeError: Cannot read property 'emoji' of undefined , id:03544abc-376a-4136-afeb-fa464430b410
2019-01-21T18:34:51.128Z error: TypeError: Cannot read property 'emoji' of undefined , id:4fed63c2-f23e-4a0b-8b98-78bcbad06603
2019-01-21T20:29:07.925Z info: Discord client ready
2019-01-21T20:43:04.456Z info: new user 'algebra123230' added, id: 103057295134425088
2019-01-21T20:43:04.457Z info: new attempt logged by algebra123230, id: 103057295134425088
2019-01-21T20:43:11.285Z info: new user 'GimmeDatWheat' added, id: 248904885859385355
2019-01-21T20:43:11.285Z info: new attempt logged by GimmeDatWheat, id: 248904885859385355
2019-01-21T20:43:50.138Z info: new user 'sleepyk' added, id: 103051750801432576
2019-01-21T20:43:50.139Z info: new attempt logged by sleepyk, id: 103051750801432576
2019-01-21T20:44:00.159Z info: new user 'chroma' added, id: 106142625932771328
2019-01-21T20:44:00.159Z info: new attempt logged by chroma, id: 106142625932771328
2019-01-21T20:44:02.061Z info: new user 'Puff' added, id: 103258744271425536
2019-01-21T20:44:02.061Z info: new attempt logged by Puff, id: 103258744271425536
2019-01-21T23:35:18.321Z error: TypeError: Cannot read property 'length' of undefined , id:8781361c-a628-43d5-937d-b0ae5275bba3
2019-01-21T23:43:00.566Z info: new user 'jackkenney' added, id: 121336660377075714
2019-01-21T23:43:00.566Z info: new attempt logged by jackkenney, id: 121336660377075714
2019-01-21T23:43:01.998Z info: new user 'SOUPOSTRICH' added, id: 88537888043573248
2019-01-21T23:43:01.999Z info: new attempt logged by SOUPOSTRICH, id: 88537888043573248
2019-01-21T23:43:03.622Z info: new user 'Alex' added, id: 103233163840479232
2019-01-21T23:43:03.623Z info: new attempt logged by Alex, id: 103233163840479232
2019-01-21T23:43:22.806Z info: new user 'algebra123230' added, id: 103057295134425088
2019-01-21T23:43:22.807Z info: new attempt logged by algebra123230, id: 103057295134425088
2019-01-21T23:43:58.639Z info: new attempt logged by Ding, id: 99012676071489536
2019-01-21T23:43:58.639Z info: new user 'Ding' added, id: 99012676071489536
2019-01-21T23:44:51.993Z error: TypeError: Cannot read property 'length' of undefined , id:7ed88122-a980-4a82-8689-3adcb90e2162
2019-01-22T00:11:39.348Z info: Discord client ready
2019-01-22T00:11:42.160Z error: TypeError: Cannot read property 'length' of undefined , id:e32d22ec-c984-49eb-a639-e17176c13638
2019-01-22T00:12:55.235Z info: Discord client ready
2019-01-22T00:12:57.548Z error: TypeError: Cannot read property 'length' of undefined , id:c42af6d6-40b7-4574-8059-8c19581ac699
2019-01-22T00:14:46.164Z info: Discord client ready
2019-01-22T00:19:43.626Z info: Discord client ready
2019-01-22T00:19:51.619Z error: TypeError: Cannot read property 'seconds_left' of undefined , id:612134d9-5015-4c73-9fdd-fbff06b09014
2019-01-22T00:20:07.209Z info: Discord client ready
2019-01-22T00:20:17.379Z error: TypeError: Cannot read property 'seconds_left' of undefined , id:a4ef9082-ab64-443e-8693-ef075950c38f
2019-01-22T00:20:53.524Z info: Discord client ready
2019-01-22T00:21:56.579Z info: Discord client ready
2019-01-22T00:43:00.280Z info: Discord client ready
2019-01-22T00:43:01.029Z info: new user 'jackkenney' added, id: 121336660377075714
2019-01-22T00:43:01.030Z info: new attempt logged by jackkenney, id: 121336660377075714
2019-01-22T00:43:07.710Z info: new user 'webs' added, id: 86272465868701696
2019-01-22T00:43:07.711Z info: new attempt logged by webs, id: 86272465868701696
2019-01-22T00:43:09.890Z info: new user 'Alex' added, id: 103233163840479232
2019-01-22T00:43:09.893Z info: new attempt logged by Alex, id: 103233163840479232
2019-01-22T00:43:47.640Z info: new user 'ycz' added, id: 107743971467354112
2019-01-22T00:43:47.640Z info: new attempt logged by ycz, id: 107743971467354112
2019-01-22T00:44:25.167Z info: Discord client ready
2019-01-22T00:45:05.356Z info: Discord client ready
